<?xml version="1.0" encoding="UTF-8"?>
<testsuites name="Functional Test Using Internal Data" time="80.809" tests="1" failures="0" errors="0">
   <testsuite name="Functional Test Using Internal Data" tests="1" failures="0" errors="0" time="80.809" skipped="0" timestamp="2022-04-26 21:31:40" hostname="pbs-maulana - BA-00010367" id="Test Suites/Functional Test Using Internal Data">
      <properties>
[...]
</properties>
      <testcase name="Test Cases/Form Volunteer Sign Up/Successfully Submit" time="79.182" classname="Test Cases/Form Volunteer Sign Up/Successfully Submit" status="PASSED">
         <system-out><![CDATA[2022-04-26 21:31:42 - [TEST_CASE][PASSED] - Test Cases/Form Volunteer Sign Up/Successfully Submit: Test Cases/Form Volunteer Sign Up/Successfully Submit

2022-04-26 21:31:44 - [TEST_STEP][PASSED] - openBrowser(null): Browser is opened with url: 'null'

2022-04-26 21:31:45 - [MESSAGE][INFO] - User set preference: ['os', 'Windows']

2022-04-26 21:31:45 - [MESSAGE][INFO] - User set preference: ['os_version', '10']

2022-04-26 21:31:45 - [MESSAGE][INFO] - User set preference: ['browser', 'Chrome']

2022-04-26 21:31:45 - [MESSAGE][INFO] - User set preference: ['browser_version', 'latest']

2022-04-26 21:31:45 - [MESSAGE][INFO] - Connecting to remote web server 'hub-cloud.browserstack.com/wd/hub' with type 'Selenium'

2022-04-26 21:31:49 - [MESSAGE][INFO] - Action delay is set to 0 milliseconds

2022-04-26 21:31:56 - [MESSAGE][PASSED] - Browser is opened with url: 'null'

2022-04-26 21:31:56 - [TEST_STEP][PASSED] - maximizeWindow(): Current window maximized

2022-04-26 21:31:57 - [MESSAGE][PASSED] - Current window maximized

2022-04-26 21:31:57 - [TEST_STEP][PASSED] - navigateToUrl(URL): Navigate to 'http://testautomationpractice.blogspot.com/' successfully

2022-04-26 21:32:05 - [MESSAGE][PASSED] - Navigate to 'http://testautomationpractice.blogspot.com/' successfully

2022-04-26 21:32:05 - [TEST_STEP][PASSED] - delay(5): Delayed 5 second(s)

2022-04-26 21:32:10 - [MESSAGE][PASSED] - Delayed 5 second(s)

2022-04-26 21:32:10 - [TEST_STEP][PASSED] - setText(findTestObject("Volunter Sign Up/input_First Name"), FirstName): Text 'Maulana' is set on object 'Object Repository/Volunter Sign Up/input_First Name'

2022-04-26 21:32:13 - [MESSAGE][PASSED] - Text 'Maulana' is set on object 'Object Repository/Volunter Sign Up/input_First Name'

2022-04-26 21:32:13 - [TEST_STEP][PASSED] - setText(findTestObject("Volunter Sign Up/input_Last Name"), LastName): Text 'Ishaq' is set on object 'Object Repository/Volunter Sign Up/input_Last Name'

2022-04-26 21:32:16 - [MESSAGE][PASSED] - Text 'Ishaq' is set on object 'Object Repository/Volunter Sign Up/input_Last Name'

2022-04-26 21:32:16 - [TEST_STEP][PASSED] - setText(findTestObject("Volunter Sign Up/input_Phone"), Phone): Text '089744734673' is set on object 'Object Repository/Volunter Sign Up/input_Phone'

2022-04-26 21:32:19 - [MESSAGE][PASSED] - Text '089744734673' is set on object 'Object Repository/Volunter Sign Up/input_Phone'

2022-04-26 21:32:19 - [TEST_STEP][PASSED] - setText(findTestObject("Volunter Sign Up/input_Country"), Country): Text 'Indonesia' is set on object 'Object Repository/Volunter Sign Up/input_Country'

2022-04-26 21:32:21 - [MESSAGE][PASSED] - Text 'Indonesia' is set on object 'Object Repository/Volunter Sign Up/input_Country'

2022-04-26 21:32:22 - [TEST_STEP][PASSED] - setText(findTestObject("Volunter Sign Up/input_City"), City): Text 'Jakarta' is set on object 'Object Repository/Volunter Sign Up/input_City'

2022-04-26 21:32:24 - [MESSAGE][PASSED] - Text 'Jakarta' is set on object 'Object Repository/Volunter Sign Up/input_City'

2022-04-26 21:32:24 - [TEST_STEP][PASSED] - setText(findTestObject("Volunter Sign Up/input_Email Address"), EmailAddress): Text 'ishaq@gmail.com' is set on object 'Object Repository/Volunter Sign Up/input_Email Address'

2022-04-26 21:32:27 - [MESSAGE][PASSED] - Text 'ishaq@gmail.com' is set on object 'Object Repository/Volunter Sign Up/input_Email Address'

2022-04-26 21:32:27 - [TEST_STEP][PASSED] - click(findTestObject("Volunter Sign Up/Gender/select_Male")): Object: 'Object Repository/Volunter Sign Up/Gender/select_Male' is clicked on

2022-04-26 21:32:29 - [MESSAGE][PASSED] - Object: 'Object Repository/Volunter Sign Up/Gender/select_Male' is clicked on

2022-04-26 21:32:30 - [TEST_STEP][PASSED] - check(findTestObject("Volunter Sign Up/Days/checkbox_Monday")): Object 'Object Repository/Volunter Sign Up/Days/checkbox_Monday' is checked

2022-04-26 21:32:32 - [MESSAGE][PASSED] - Object 'Object Repository/Volunter Sign Up/Days/checkbox_Monday' is checked

2022-04-26 21:32:32 - [TEST_STEP][PASSED] - check(findTestObject("Volunter Sign Up/Days/checkbox_Wednesday")): Object 'Object Repository/Volunter Sign Up/Days/checkbox_Wednesday' is checked

2022-04-26 21:32:35 - [MESSAGE][PASSED] - Object 'Object Repository/Volunter Sign Up/Days/checkbox_Wednesday' is checked

2022-04-26 21:32:36 - [TEST_STEP][PASSED] - check(findTestObject("Volunter Sign Up/Days/checkbox_Saturday")): Object 'Object Repository/Volunter Sign Up/Days/checkbox_Saturday' is checked

2022-04-26 21:32:38 - [MESSAGE][PASSED] - Object 'Object Repository/Volunter Sign Up/Days/checkbox_Saturday' is checked

2022-04-26 21:32:38 - [TEST_STEP][PASSED] - delay(3): Delayed 3 second(s)

2022-04-26 21:32:41 - [MESSAGE][PASSED] - Delayed 3 second(s)

2022-04-26 21:32:41 - [TEST_STEP][PASSED] - selectOptionByIndex(findTestObject("Volunter Sign Up/select_Best Time"), 2, STOP_ON_FAILURE): All options with index in [2] are selected on object 'Object Repository/Volunter Sign Up/select_Best Time'

2022-04-26 21:32:45 - [MESSAGE][PASSED] - All options with index in [2] are selected on object 'Object Repository/Volunter Sign Up/select_Best Time'

2022-04-26 21:32:45 - [TEST_STEP][PASSED] - sendKeys(findTestObject("Volunter Sign Up/upload_Files"), "C:\Users\pbs-maulana\Documents\Bahan gambar produk seller"): Keys 'C:\Users\pbs-maulana\Documents\Bahan gambar produk seller' sent to object: 'tempBody'

2022-04-26 21:32:45 - [MESSAGE][WARNING] - Test object with id 'Object Repository/Volunter Sign Up/upload_Files' does not exist

2022-04-26 21:32:46 - [MESSAGE][WARNING] - Test object with id 'Object Repository/' does not exist

2022-04-26 21:32:46 - [MESSAGE][PASSED] - Keys 'C:\Users\pbs-maulana\Documents\Bahan gambar produk seller' sent to object: 'tempBody'

2022-04-26 21:32:46 - [TEST_STEP][PASSED] - delay(5): Delayed 5 second(s)

2022-04-26 21:32:51 - [MESSAGE][PASSED] - Delayed 5 second(s)

2022-04-26 21:32:51 - [TEST_STEP][PASSED] - click(findTestObject("Volunter Sign Up/btn_Submit"), STOP_ON_FAILURE): Object: 'Object Repository/Volunter Sign Up/btn_Submit' is clicked on

2022-04-26 21:32:54 - [MESSAGE][PASSED] - Object: 'Object Repository/Volunter Sign Up/btn_Submit' is clicked on

2022-04-26 21:32:55 - [TEST_STEP][PASSED] - delay(5): Delayed 5 second(s)

2022-04-26 21:33:00 - [MESSAGE][PASSED] - Delayed 5 second(s)

2022-04-26 21:33:00 - [TEST_STEP][PASSED] - closeBrowser(): Browser is closed

2022-04-26 21:33:01 - [MESSAGE][PASSED] - Browser is closed]]></system-out>
         <system-err><![CDATA[]]></system-err>
      </testcase>
      <system-out><![CDATA[2022-04-26 21:31:40 - [TEST_SUITE][PASSED] - Functional Test Using Internal Data: Test Cases/Form Volunteer Sign Up/Successfully Submit]]></system-out>
      <system-err><![CDATA[]]></system-err>
   </testsuite>
</testsuites>
